<?xml version="1.0" encoding="utf-8" standalone="no"?>
<!--This file represents the results of running a test suite-->
<test-results name="C:\Playground\JenkinsTestSite\Example.Tests\bin\Release\Example.Tests.dll" total="2" errors="0" failures="1" not-run="0" inconclusive="0" ignored="0" skipped="0" invalid="0" date="2012-02-03" time="11:22:32">
  <environment nunit-version="2.5.10.11092" clr-version="2.0.50727.5448" os-version="Microsoft Windows NT 6.1.7601 Service Pack 1" platform="Win32NT" cwd="C:\Playground\JenkinsTestSite\packages\NUnit.2.5.10.11092\tools" machine-name="AQUE-PC-50" user="neil" user-domain="AQUEDUCT" />
  <culture-info current-culture="en-GB" current-uiculture="en-US" />
  <test-suite type="Assembly" name="C:\Playground\JenkinsTestSite\Example.Tests\bin\Release\Example.Tests.dll" executed="True" result="Failure" success="False" time="0.056" asserts="0">
    <results>
      <test-suite type="Namespace" name="Example" executed="True" result="Failure" success="False" time="0.045" asserts="0">
        <results>
          <test-suite type="Namespace" name="Tests" executed="True" result="Failure" success="False" time="0.045" asserts="0">
            <results>
              <test-suite type="TestFixture" name="TestClass" executed="True" result="Failure" success="False" time="0.043" asserts="0">
                <results>
                  <test-case name="Example.Tests.TestClass.Failing_Test" executed="True" result="Failure" success="False" time="0.024" asserts="1">
                    <failure>
                      <message><![CDATA[  Expected: True
  But was:  False
]]></message>
                      <stack-trace><![CDATA[]]></stack-trace>
                    </failure>
                  </test-case>
                  <test-case name="Example.Tests.TestClass.Passing_Test" executed="True" result="Success" success="True" time="0.000" asserts="1" />
                </results>
              </test-suite>
            </results>
          </test-suite>
        </results>
      </test-suite>
    </results>
  </test-suite>
</test-results>